13:58:59.837 [main] INFO  server.ChatServer - Started!
13:59:09.303 [main] INFO  server.ChatServer - New client has connected!
13:59:10.406 [main] INFO  server.ChatServer - pesho has entered the chat!
14:02:05.719 [main] INFO  server.ChatServer - New client has connected!
14:02:06.768 [main] INFO  server.ChatServer - pesho has entered the chat!
14:05:53.865 [main] INFO  server.ChatServer - New client has connected!
14:05:54.783 [main] INFO  server.ChatServer - pesho has entered the chat!
14:19:19.476 [main] INFO  server.ChatServer - Started!
14:19:26.456 [main] INFO  server.ChatServer - New client has connected!
14:19:27.411 [main] INFO  server.ChatServer - pesho has entered the chat!
14:21:31.527 [main] INFO  server.ChatServer - Started!
14:21:36.202 [main] INFO  server.ChatServer - New client has connected!
14:21:37.373 [main] INFO  server.ChatServer - pesho has entered the chat!
14:24:02.651 [main] INFO  server.ChatServer - New client has connected!
14:24:03.738 [main] INFO  server.ChatServer - pesho has entered the chat!
14:24:09.533 [main] INFO  server.ChatServer - New client has connected!
14:24:11.016 [main] INFO  server.ChatServer - gosho has entered the chat!
14:24:28.411 [main] INFO  server.ChatServer - New client has connected!
14:24:29.552 [main] INFO  server.ChatServer - pesho has entered the chat!
14:24:33.228 [main] INFO  server.ChatServer - New client has connected!
14:24:34.676 [main] INFO  server.ChatServer - gosho has entered the chat!
15:28:20.437 [main] INFO  server.ChatServer - Started!
15:28:26.756 [main] INFO  server.ChatServer - New client has connected!
15:28:27.752 [main] INFO  server.ChatServer - pesho has entered the chat!
15:29:47.301 [main] INFO  server.ChatServer - Started!
15:29:51.862 [main] INFO  server.ChatServer - New client has connected!
15:29:52.849 [main] INFO  server.ChatServer - pesho has entered the chat!
15:31:04.481 [main] INFO  server.ChatServer - New client has connected!
15:31:05.900 [main] INFO  server.ChatServer - pesho has entered the chat!
15:33:16.504 [main] INFO  server.ChatServer - Started!
15:33:25.745 [main] INFO  server.ChatServer - New client has connected!
15:33:26.701 [main] INFO  server.ChatServer - pesho has entered the chat!
15:34:34.718 [main] INFO  server.ChatServer - Started!
15:34:40.058 [main] INFO  server.ChatServer - New client has connected!
15:34:41.019 [main] INFO  server.ChatServer - pesho has entered the chat!
15:36:29.746 [main] INFO  server.ChatServer - Started!
15:36:36.559 [main] INFO  server.ChatServer - New client has connected!
15:36:37.739 [main] INFO  server.ChatServer - pesho has entered the chat!
15:38:40.329 [main] INFO  server.ChatServer - Started!
15:38:44.520 [main] INFO  server.ChatServer - New client has connected!
15:38:45.787 [main] INFO  server.ChatServer - pesho has entered the chat!
15:40:11.547 [main] INFO  server.ChatServer - Started!
15:40:17.640 [main] INFO  server.ChatServer - New client has connected!
15:40:18.743 [main] INFO  server.ChatServer - pesho has entered the chat!
15:41:19.009 [main] INFO  server.ChatServer - Started!
15:41:22.115 [main] INFO  server.ChatServer - New client has connected!
15:41:23.079 [main] INFO  server.ChatServer - pesho has entered the chat!
15:52:18.893 [main] INFO  server.ChatServer - Started!
15:52:26.451 [main] INFO  server.ChatServer - New client has connected!
15:52:27.715 [main] INFO  server.ChatServer - pesho has entered the chat!
15:56:00.726 [main] INFO  server.ChatServer - New client has connected!
15:56:01.844 [main] INFO  server.ChatServer - pesho has entered the chat!
15:59:05.013 [main] INFO  server.ChatServer - Started!
15:59:10.099 [main] INFO  server.ChatServer - New client has connected!
15:59:11.086 [main] INFO  server.ChatServer - pesho has entered the chat!
16:04:38.046 [main] INFO  server.ChatServer - Started!
16:04:51.366 [main] INFO  server.ChatServer - New client has connected!
16:04:53.769 [main] INFO  server.ChatServer - pesho has entered the chat!
16:47:16.474 [main] INFO  server.ChatServer - Started!
16:47:20.386 [main] INFO  server.ChatServer - New client has connected!
16:47:21.388 [main] INFO  server.ChatServer - jdf has entered the chat!
16:48:03.674 [main] INFO  server.ChatServer - New client has connected!
16:48:04.691 [main] INFO  server.ChatServer - pesho has entered the chat!
16:50:50.178 [main] INFO  server.ChatServer - Started!
16:50:56.155 [main] INFO  server.ChatServer - New client has connected!
16:50:57.237 [main] INFO  server.ChatServer - pesho has entered the chat!
16:51:23.180 [main] INFO  server.ChatServer - New client has connected!
16:51:24.153 [main] INFO  server.ChatServer - pesho has entered the chat!
16:52:07.664 [main] INFO  server.ChatServer - New client has connected!
16:52:08.640 [main] INFO  server.ChatServer - pesho has entered the chat!
16:54:44.428 [main] INFO  server.ChatServer - New client has connected!
16:54:45.403 [main] INFO  server.ChatServer - pesho has entered the chat!
16:55:04.338 [main] INFO  server.ChatServer - New client has connected!
16:55:05.746 [main] INFO  server.ChatServer - GOSHO has entered the chat!
09:30:47.941 [main] INFO  server.ChatServer - Started!
09:31:49.286 [main] INFO  server.ChatServer - New client has connected!
09:31:51.056 [main] INFO  server.ChatServer - pesho has entered the chat!
09:33:50.943 [main] INFO  server.ChatServer - Started!
09:33:57.347 [main] INFO  server.ChatServer - New client has connected!
09:33:58.479 [main] INFO  server.ChatServer - pesho has entered the chat!
09:34:33.596 [main] INFO  server.ChatServer - New client has connected!
09:34:34.750 [main] INFO  server.ChatServer - esdwgafsd has entered the chat!
